<?xml version="1.0" encoding="UTF-8"?>
<testng-results skipped="0" failed="0" ignored="0" total="1" passed="1">
  <reporter-output>
  </reporter-output>
  <suite name="Default suite" duration-ms="15480" started-at="2018-04-17T19:21:06Z" finished-at="2018-04-17T19:21:22Z">
    <groups>
    </groups>
    <test name="Default test" duration-ms="15480" started-at="2018-04-17T19:21:06Z" finished-at="2018-04-17T19:21:22Z">
      <class name="testCases.LoginApplication">
        <test-method status="PASS" signature="login()[pri:0, instance:testCases.LoginApplication@4d95d2a2]" name="login" duration-ms="15456" started-at="2018-04-17T19:21:07Z" finished-at="2018-04-17T19:21:22Z">
          <reporter-output>
          </reporter-output>
        </test-method> <!-- login -->
      </class> <!-- testCases.LoginApplication -->
    </test> <!-- Default test -->
  </suite> <!-- Default suite -->
</testng-results>
